[2026-02-05T09:35:29.842Z] Initializing main application database...
[2026-02-05T09:35:29.877Z] ✓ Database initialized: /home/user/lexco/moonlanding/data/app.db
[2026-02-05T09:35:29.878Z] Starting Phase 3.5 (Pilot Migration)...
[2026-02-05T09:35:29.878Z] ========== PHASE 3.5: PILOT MIGRATION (10% DATA) ==========
[2026-02-05T09:35:29.878Z] Loading Friday data (10% sample)...
[2026-02-05T09:35:29.879Z]   ✓ Loaded users: 5 records
[2026-02-05T09:35:29.879Z]   ✓ Loaded clients: 2 records
[2026-02-05T09:35:29.879Z]   ✓ Loaded engagements: 2 records
[2026-02-05T09:35:29.880Z]   ✓ Loaded rfis: 1 records
[2026-02-05T09:35:29.880Z]   ✓ Loaded reviews: 1 records
[2026-02-05T09:35:29.880Z]   ✓ Loaded messages: 1 records
[2026-02-05T09:35:29.880Z]   ✓ Loaded collaborators: 1 records
[2026-02-05T09:35:29.880Z]   ✓ Loaded checklists: 1 records
[2026-02-05T09:35:29.880Z]   ✓ Loaded files: 1 records
[2026-02-05T09:35:29.880Z] Loading MyWorkReview data (10% sample)...
[2026-02-05T09:35:29.881Z]   ✓ Loaded users: 3 records
[2026-02-05T09:35:29.881Z]   ✓ Loaded collaborators: 1 records
[2026-02-05T09:35:29.881Z]   ✓ Loaded workitems: 1 records
[2026-02-05T09:35:29.881Z]   ✓ Loaded templates: 0 records
[2026-02-05T09:35:29.881Z]   ✓ Loaded activityLogs: 1 records
[2026-02-05T09:35:29.881Z] Total records in 10% sample: 13
[2026-02-05T09:35:29.881Z] Initializing pilot database...
[2026-02-05T09:35:29.913Z] ✓ Database initialized: /home/user/lexco/moonlanding/data/pilot-test.db
[2026-02-05T09:35:29.913Z] Executing pilot migration...
[2026-02-05T09:35:29.926Z] ERROR: Phase 3.5 failed - table clients has no column named industry
[2026-02-05T09:35:29.926Z] ERROR: Phase 3.5 FAILED - table clients has no column named industry
[2026-02-05T09:35:29.926Z] 
========== EXECUTION SUMMARY ==========
[2026-02-05T09:35:29.926Z] Phase 3.5: FAIL - undefined records - undefineds
[2026-02-05T09:35:29.926Z] Total runtime: 0.08s
