[2026-02-05T09:36:49.077Z] Initializing main application database...
[2026-02-05T09:36:49.077Z] ✓ Using server-initialized database: /home/user/lexco/moonlanding/data/app.db
[2026-02-05T09:36:49.082Z] ✓ Database ready with 12 tables
[2026-02-05T09:36:49.082Z] Starting Phase 3.5 (Pilot Migration)...
[2026-02-05T09:36:49.083Z] ========== PHASE 3.5: PILOT MIGRATION (10% DATA) ==========
[2026-02-05T09:36:49.083Z] Loading Friday data (10% sample)...
[2026-02-05T09:36:49.083Z]   ✓ Loaded users: 5 records
[2026-02-05T09:36:49.083Z]   ✓ Loaded clients: 2 records
[2026-02-05T09:36:49.084Z]   ✓ Loaded engagements: 2 records
[2026-02-05T09:36:49.084Z]   ✓ Loaded rfis: 1 records
[2026-02-05T09:36:49.084Z]   ✓ Loaded reviews: 1 records
[2026-02-05T09:36:49.084Z]   ✓ Loaded messages: 1 records
[2026-02-05T09:36:49.084Z]   ✓ Loaded collaborators: 1 records
[2026-02-05T09:36:49.084Z]   ✓ Loaded checklists: 1 records
[2026-02-05T09:36:49.084Z]   ✓ Loaded files: 1 records
[2026-02-05T09:36:49.084Z] Loading MyWorkReview data (10% sample)...
[2026-02-05T09:36:49.085Z]   ✓ Loaded users: 3 records
[2026-02-05T09:36:49.085Z]   ✓ Loaded collaborators: 1 records
[2026-02-05T09:36:49.085Z]   ✓ Loaded workitems: 1 records
[2026-02-05T09:36:49.085Z]   ✓ Loaded templates: 0 records
[2026-02-05T09:36:49.085Z]   ✓ Loaded activityLogs: 1 records
[2026-02-05T09:36:49.085Z] Total records in 10% sample: 13
[2026-02-05T09:36:49.085Z] Initializing pilot database...
[2026-02-05T09:36:49.086Z] ✓ Database template copied from server initialization: /home/user/lexco/moonlanding/data/pilot-test.db
[2026-02-05T09:36:49.086Z] ✓ Database ready with 12 tables
[2026-02-05T09:36:49.087Z] Executing pilot migration...
[2026-02-05T09:36:49.100Z] ERROR: Phase 3.5 failed - table clients has no column named industry
[2026-02-05T09:36:49.101Z] ERROR: Phase 3.5 FAILED - table clients has no column named industry
[2026-02-05T09:36:49.101Z] 
========== EXECUTION SUMMARY ==========
[2026-02-05T09:36:49.101Z] Phase 3.5: FAIL - undefined records - undefineds
[2026-02-05T09:36:49.101Z] Total runtime: 0.02s
