[2026-02-05T10:31:11.340Z] Initializing main application database...
[2026-02-05T10:31:11.341Z] ✓ Using server-initialized database: /home/user/lexco/moonlanding/data/app.db
[2026-02-05T10:31:11.345Z] ✓ Database ready with 12 tables
[2026-02-05T10:31:11.345Z] Starting Phase 3.5 (Pilot Migration)...
[2026-02-05T10:31:11.345Z] ========== PHASE 3.5: PILOT MIGRATION (10% DATA) ==========
[2026-02-05T10:31:11.346Z] Loading Friday data (10% sample)...
[2026-02-05T10:31:11.346Z]   ✓ Loaded users: 5 records
[2026-02-05T10:31:11.346Z]   ✓ Loaded clients: 2 records
[2026-02-05T10:31:11.347Z]   ✓ Loaded engagements: 2 records
[2026-02-05T10:31:11.347Z]   ✓ Loaded rfis: 1 records
[2026-02-05T10:31:11.347Z]   ✓ Loaded reviews: 1 records
[2026-02-05T10:31:11.347Z]   ✓ Loaded messages: 1 records
[2026-02-05T10:31:11.347Z]   ✓ Loaded collaborators: 1 records
[2026-02-05T10:31:11.347Z]   ✓ Loaded checklists: 1 records
[2026-02-05T10:31:11.347Z]   ✓ Loaded files: 1 records
[2026-02-05T10:31:11.348Z] Loading MyWorkReview data (10% sample)...
[2026-02-05T10:31:11.348Z]   ✓ Loaded users: 3 records
[2026-02-05T10:31:11.348Z]   ✓ Loaded collaborators: 1 records
[2026-02-05T10:31:11.348Z]   ✓ Loaded workitems: 1 records
[2026-02-05T10:31:11.348Z]   ✓ Loaded templates: 0 records
[2026-02-05T10:31:11.348Z]   ✓ Loaded activityLogs: 1 records
[2026-02-05T10:31:11.348Z] Total records in 10% sample: 13
[2026-02-05T10:31:11.348Z] Initializing pilot database...
[2026-02-05T10:31:11.349Z] ✓ Database template copied from server initialization: /home/user/lexco/moonlanding/data/pilot-test.db
[2026-02-05T10:31:11.350Z] ✓ Database ready with 12 tables
[2026-02-05T10:31:11.350Z] Executing pilot migration...
[2026-02-05T10:31:11.391Z] ✓ Phase 3.5 complete: 5/8 validators passed
[2026-02-05T10:31:11.391Z] ERROR: Phase 3.5 FAILED
[2026-02-05T10:31:11.391Z] 
========== EXECUTION SUMMARY ==========
[2026-02-05T10:31:11.391Z] Phase 3.5: FAIL - 13 records - 0.05s
[2026-02-05T10:31:11.392Z] Total runtime: 0.05s
