[2026-02-05T09:36:46.315Z] Initializing main application database...
[2026-02-05T09:36:46.315Z] ✓ Using server-initialized database: /home/user/lexco/moonlanding/data/app.db
[2026-02-05T09:36:46.321Z] ✓ Database ready with 12 tables
[2026-02-05T09:36:46.321Z] Starting Phase 3.5 (Pilot Migration)...
[2026-02-05T09:36:46.321Z] ========== PHASE 3.5: PILOT MIGRATION (10% DATA) ==========
[2026-02-05T09:36:46.322Z] Loading Friday data (10% sample)...
[2026-02-05T09:36:46.322Z]   ✓ Loaded users: 5 records
[2026-02-05T09:36:46.322Z]   ✓ Loaded clients: 2 records
[2026-02-05T09:36:46.322Z]   ✓ Loaded engagements: 2 records
[2026-02-05T09:36:46.322Z]   ✓ Loaded rfis: 1 records
[2026-02-05T09:36:46.323Z]   ✓ Loaded reviews: 1 records
[2026-02-05T09:36:46.323Z]   ✓ Loaded messages: 1 records
[2026-02-05T09:36:46.323Z]   ✓ Loaded collaborators: 1 records
[2026-02-05T09:36:46.323Z]   ✓ Loaded checklists: 1 records
[2026-02-05T09:36:46.323Z]   ✓ Loaded files: 1 records
[2026-02-05T09:36:46.323Z] Loading MyWorkReview data (10% sample)...
[2026-02-05T09:36:46.323Z]   ✓ Loaded users: 3 records
[2026-02-05T09:36:46.324Z]   ✓ Loaded collaborators: 1 records
[2026-02-05T09:36:46.324Z]   ✓ Loaded workitems: 1 records
[2026-02-05T09:36:46.324Z]   ✓ Loaded templates: 0 records
[2026-02-05T09:36:46.324Z]   ✓ Loaded activityLogs: 1 records
[2026-02-05T09:36:46.324Z] Total records in 10% sample: 13
[2026-02-05T09:36:46.325Z] Initializing pilot database...
[2026-02-05T09:36:46.325Z] ✓ Database template copied from server initialization: /home/user/lexco/moonlanding/data/pilot-test.db
[2026-02-05T09:36:46.326Z] ✓ Database ready with 12 tables
[2026-02-05T09:36:46.326Z] Executing pilot migration...
[2026-02-05T09:36:46.341Z] ERROR: Phase 3.5 failed - table clients has no column named industry
[2026-02-05T09:36:46.341Z] ERROR: Phase 3.5 FAILED - table clients has no column named industry
[2026-02-05T09:36:46.342Z] 
========== EXECUTION SUMMARY ==========
[2026-02-05T09:36:46.342Z] Phase 3.5: FAIL - undefined records - undefineds
[2026-02-05T09:36:46.342Z] Total runtime: 0.03s
