[2026-02-05T09:34:55.523Z] Initializing main application database...
[2026-02-05T09:34:55.558Z] ✓ Database initialized: /home/user/lexco/moonlanding/data/app.db
[2026-02-05T09:34:55.558Z] Starting Phase 3.5 (Pilot Migration)...
[2026-02-05T09:34:55.559Z] ========== PHASE 3.5: PILOT MIGRATION (10% DATA) ==========
[2026-02-05T09:34:55.559Z] Loading Friday data (10% sample)...
[2026-02-05T09:34:55.559Z]   ✓ Loaded users: 5 records
[2026-02-05T09:34:55.560Z]   ✓ Loaded clients: 2 records
[2026-02-05T09:34:55.560Z]   ✓ Loaded engagements: 2 records
[2026-02-05T09:34:55.560Z]   ✓ Loaded rfis: 1 records
[2026-02-05T09:34:55.560Z]   ✓ Loaded reviews: 1 records
[2026-02-05T09:34:55.560Z]   ✓ Loaded messages: 1 records
[2026-02-05T09:34:55.561Z]   ✓ Loaded collaborators: 1 records
[2026-02-05T09:34:55.561Z]   ✓ Loaded checklists: 1 records
[2026-02-05T09:34:55.561Z]   ✓ Loaded files: 1 records
[2026-02-05T09:34:55.561Z] Loading MyWorkReview data (10% sample)...
[2026-02-05T09:34:55.561Z]   ✓ Loaded users: 3 records
[2026-02-05T09:34:55.561Z]   ✓ Loaded collaborators: 1 records
[2026-02-05T09:34:55.561Z]   ✓ Loaded workitems: 1 records
[2026-02-05T09:34:55.562Z]   ✓ Loaded templates: 0 records
[2026-02-05T09:34:55.562Z]   ✓ Loaded activityLogs: 1 records
[2026-02-05T09:34:55.562Z] Total records in 10% sample: 13
[2026-02-05T09:34:55.562Z] Initializing pilot database...
[2026-02-05T09:34:55.593Z] ✓ Database initialized: /home/user/lexco/moonlanding/data/pilot-test.db
[2026-02-05T09:34:55.593Z] Executing pilot migration...
[2026-02-05T09:34:55.607Z] ERROR: Phase 3.5 failed - table users has no column named phone
[2026-02-05T09:34:55.607Z] ERROR: Phase 3.5 FAILED - table users has no column named phone
[2026-02-05T09:34:55.607Z] 
========== EXECUTION SUMMARY ==========
[2026-02-05T09:34:55.607Z] Phase 3.5: FAIL - undefined records - undefineds
[2026-02-05T09:34:55.607Z] Total runtime: 0.08s
