[2026-02-05T09:36:27.523Z] Initializing main application database...
[2026-02-05T09:36:27.528Z] ✓ Database initialized: /home/user/lexco/moonlanding/data/app.db
[2026-02-05T09:36:27.528Z] Starting Phase 3.5 (Pilot Migration)...
[2026-02-05T09:36:27.528Z] ========== PHASE 3.5: PILOT MIGRATION (10% DATA) ==========
[2026-02-05T09:36:27.529Z] Loading Friday data (10% sample)...
[2026-02-05T09:36:27.529Z]   ✓ Loaded users: 5 records
[2026-02-05T09:36:27.529Z]   ✓ Loaded clients: 2 records
[2026-02-05T09:36:27.530Z]   ✓ Loaded engagements: 2 records
[2026-02-05T09:36:27.530Z]   ✓ Loaded rfis: 1 records
[2026-02-05T09:36:27.530Z]   ✓ Loaded reviews: 1 records
[2026-02-05T09:36:27.530Z]   ✓ Loaded messages: 1 records
[2026-02-05T09:36:27.531Z]   ✓ Loaded collaborators: 1 records
[2026-02-05T09:36:27.531Z]   ✓ Loaded checklists: 1 records
[2026-02-05T09:36:27.531Z]   ✓ Loaded files: 1 records
[2026-02-05T09:36:27.531Z] Loading MyWorkReview data (10% sample)...
[2026-02-05T09:36:27.531Z]   ✓ Loaded users: 3 records
[2026-02-05T09:36:27.531Z]   ✓ Loaded collaborators: 1 records
[2026-02-05T09:36:27.532Z]   ✓ Loaded workitems: 1 records
[2026-02-05T09:36:27.532Z]   ✓ Loaded templates: 0 records
[2026-02-05T09:36:27.532Z]   ✓ Loaded activityLogs: 1 records
[2026-02-05T09:36:27.532Z] Total records in 10% sample: 13
[2026-02-05T09:36:27.532Z] Initializing pilot database...
[2026-02-05T09:36:27.533Z] ✓ Database initialized: /home/user/lexco/moonlanding/data/pilot-test.db
[2026-02-05T09:36:27.533Z] Executing pilot migration...
[2026-02-05T09:36:27.545Z] ERROR: Phase 3.5 failed - table clients has no column named industry
[2026-02-05T09:36:27.545Z] ERROR: Phase 3.5 FAILED - table clients has no column named industry
[2026-02-05T09:36:27.545Z] 
========== EXECUTION SUMMARY ==========
[2026-02-05T09:36:27.545Z] Phase 3.5: FAIL - undefined records - undefineds
[2026-02-05T09:36:27.545Z] Total runtime: 0.02s
