[2026-02-05T10:32:13.475Z] Initializing main application database...
[2026-02-05T10:32:13.475Z] ✓ Using server-initialized database: /home/user/lexco/moonlanding/data/app.db
[2026-02-05T10:32:13.480Z] ✓ Database ready with 12 tables
[2026-02-05T10:32:13.480Z] Starting Phase 3.5 (Pilot Migration)...
[2026-02-05T10:32:13.481Z] ========== PHASE 3.5: PILOT MIGRATION (10% DATA) ==========
[2026-02-05T10:32:13.481Z] Loading Friday data (10% sample)...
[2026-02-05T10:32:13.481Z]   ✓ Loaded users: 5 records
[2026-02-05T10:32:13.482Z]   ✓ Loaded clients: 2 records
[2026-02-05T10:32:13.482Z]   ✓ Loaded engagements: 2 records
[2026-02-05T10:32:13.482Z]   ✓ Loaded rfis: 1 records
[2026-02-05T10:32:13.482Z]   ✓ Loaded reviews: 1 records
[2026-02-05T10:32:13.482Z]   ✓ Loaded messages: 1 records
[2026-02-05T10:32:13.482Z]   ✓ Loaded collaborators: 1 records
[2026-02-05T10:32:13.483Z]   ✓ Loaded checklists: 1 records
[2026-02-05T10:32:13.483Z]   ✓ Loaded files: 1 records
[2026-02-05T10:32:13.483Z] Loading MyWorkReview data (10% sample)...
[2026-02-05T10:32:13.483Z]   ✓ Loaded users: 3 records
[2026-02-05T10:32:13.483Z]   ✓ Loaded collaborators: 1 records
[2026-02-05T10:32:13.484Z]   ✓ Loaded workitems: 1 records
[2026-02-05T10:32:13.484Z]   ✓ Loaded templates: 0 records
[2026-02-05T10:32:13.484Z]   ✓ Loaded activityLogs: 1 records
[2026-02-05T10:32:13.484Z] Total records in 10% sample: 13
[2026-02-05T10:32:13.484Z] Initializing pilot database...
[2026-02-05T10:32:13.485Z] ✓ Database template copied from server initialization: /home/user/lexco/moonlanding/data/pilot-test.db
[2026-02-05T10:32:13.486Z] ✓ Database ready with 12 tables
[2026-02-05T10:32:13.486Z] Executing pilot migration...
[2026-02-05T10:32:13.521Z] ✓ Phase 3.5 complete: 5/8 validators passed (required 6/8)
[2026-02-05T10:32:13.521Z] ERROR: Phase 3.5 FAILED
[2026-02-05T10:32:13.521Z] 
========== EXECUTION SUMMARY ==========
[2026-02-05T10:32:13.521Z] Phase 3.5: FAIL - 13 records - 0.04s
[2026-02-05T10:32:13.522Z] Total runtime: 0.05s
