[2026-02-05T09:35:32.349Z] Initializing main application database...
[2026-02-05T09:35:32.354Z] ✓ Database initialized: /home/user/lexco/moonlanding/data/app.db
[2026-02-05T09:35:32.354Z] Starting Phase 3.5 (Pilot Migration)...
[2026-02-05T09:35:32.355Z] ========== PHASE 3.5: PILOT MIGRATION (10% DATA) ==========
[2026-02-05T09:35:32.355Z] Loading Friday data (10% sample)...
[2026-02-05T09:35:32.355Z]   ✓ Loaded users: 5 records
[2026-02-05T09:35:32.355Z]   ✓ Loaded clients: 2 records
[2026-02-05T09:35:32.356Z]   ✓ Loaded engagements: 2 records
[2026-02-05T09:35:32.356Z]   ✓ Loaded rfis: 1 records
[2026-02-05T09:35:32.356Z]   ✓ Loaded reviews: 1 records
[2026-02-05T09:35:32.356Z]   ✓ Loaded messages: 1 records
[2026-02-05T09:35:32.356Z]   ✓ Loaded collaborators: 1 records
[2026-02-05T09:35:32.356Z]   ✓ Loaded checklists: 1 records
[2026-02-05T09:35:32.357Z]   ✓ Loaded files: 1 records
[2026-02-05T09:35:32.357Z] Loading MyWorkReview data (10% sample)...
[2026-02-05T09:35:32.357Z]   ✓ Loaded users: 3 records
[2026-02-05T09:35:32.357Z]   ✓ Loaded collaborators: 1 records
[2026-02-05T09:35:32.357Z]   ✓ Loaded workitems: 1 records
[2026-02-05T09:35:32.357Z]   ✓ Loaded templates: 0 records
[2026-02-05T09:35:32.358Z]   ✓ Loaded activityLogs: 1 records
[2026-02-05T09:35:32.358Z] Total records in 10% sample: 13
[2026-02-05T09:35:32.358Z] Initializing pilot database...
[2026-02-05T09:35:32.359Z] ✓ Database initialized: /home/user/lexco/moonlanding/data/pilot-test.db
[2026-02-05T09:35:32.359Z] Executing pilot migration...
[2026-02-05T09:35:32.373Z] ERROR: Phase 3.5 failed - table clients has no column named industry
[2026-02-05T09:35:32.373Z] ERROR: Phase 3.5 FAILED - table clients has no column named industry
[2026-02-05T09:35:32.373Z] 
========== EXECUTION SUMMARY ==========
[2026-02-05T09:35:32.373Z] Phase 3.5: FAIL - undefined records - undefineds
[2026-02-05T09:35:32.373Z] Total runtime: 0.02s
