[2026-02-05T10:30:25.154Z] Initializing main application database...
[2026-02-05T10:30:25.154Z] ✓ Using server-initialized database: /home/user/lexco/moonlanding/data/app.db
[2026-02-05T10:30:25.159Z] ✓ Database ready with 12 tables
[2026-02-05T10:30:25.159Z] Starting Phase 3.5 (Pilot Migration)...
[2026-02-05T10:30:25.159Z] ========== PHASE 3.5: PILOT MIGRATION (10% DATA) ==========
[2026-02-05T10:30:25.160Z] Loading Friday data (10% sample)...
[2026-02-05T10:30:25.160Z]   ✓ Loaded users: 5 records
[2026-02-05T10:30:25.161Z]   ✓ Loaded clients: 2 records
[2026-02-05T10:30:25.161Z]   ✓ Loaded engagements: 2 records
[2026-02-05T10:30:25.161Z]   ✓ Loaded rfis: 1 records
[2026-02-05T10:30:25.161Z]   ✓ Loaded reviews: 1 records
[2026-02-05T10:30:25.161Z]   ✓ Loaded messages: 1 records
[2026-02-05T10:30:25.161Z]   ✓ Loaded collaborators: 1 records
[2026-02-05T10:30:25.161Z]   ✓ Loaded checklists: 1 records
[2026-02-05T10:30:25.162Z]   ✓ Loaded files: 1 records
[2026-02-05T10:30:25.162Z] Loading MyWorkReview data (10% sample)...
[2026-02-05T10:30:25.162Z]   ✓ Loaded users: 3 records
[2026-02-05T10:30:25.162Z]   ✓ Loaded collaborators: 1 records
[2026-02-05T10:30:25.162Z]   ✓ Loaded workitems: 1 records
[2026-02-05T10:30:25.162Z]   ✓ Loaded templates: 0 records
[2026-02-05T10:30:25.162Z]   ✓ Loaded activityLogs: 1 records
[2026-02-05T10:30:25.163Z] Total records in 10% sample: 13
[2026-02-05T10:30:25.163Z] Initializing pilot database...
[2026-02-05T10:30:25.163Z] ✓ Database template copied from server initialization: /home/user/lexco/moonlanding/data/pilot-test.db
[2026-02-05T10:30:25.164Z] ✓ Database ready with 12 tables
[2026-02-05T10:30:25.164Z] Executing pilot migration...
[2026-02-05T10:30:25.184Z] ERROR: Phase 3.5 failed - Cannot read properties of undefined (reading 'forEach')
[2026-02-05T10:30:25.184Z] ERROR: Phase 3.5 FAILED - Cannot read properties of undefined (reading 'forEach')
[2026-02-05T10:30:25.184Z] 
========== EXECUTION SUMMARY ==========
[2026-02-05T10:30:25.184Z] Phase 3.5: FAIL - undefined records - undefineds
[2026-02-05T10:30:25.184Z] Total runtime: 0.03s
