[2026-02-05T10:30:39.644Z] Initializing main application database...
[2026-02-05T10:30:39.644Z] ✓ Using server-initialized database: /home/user/lexco/moonlanding/data/app.db
[2026-02-05T10:30:39.649Z] ✓ Database ready with 12 tables
[2026-02-05T10:30:39.649Z] Starting Phase 3.5 (Pilot Migration)...
[2026-02-05T10:30:39.649Z] ========== PHASE 3.5: PILOT MIGRATION (10% DATA) ==========
[2026-02-05T10:30:39.650Z] Loading Friday data (10% sample)...
[2026-02-05T10:30:39.650Z]   ✓ Loaded users: 5 records
[2026-02-05T10:30:39.650Z]   ✓ Loaded clients: 2 records
[2026-02-05T10:30:39.651Z]   ✓ Loaded engagements: 2 records
[2026-02-05T10:30:39.651Z]   ✓ Loaded rfis: 1 records
[2026-02-05T10:30:39.651Z]   ✓ Loaded reviews: 1 records
[2026-02-05T10:30:39.651Z]   ✓ Loaded messages: 1 records
[2026-02-05T10:30:39.651Z]   ✓ Loaded collaborators: 1 records
[2026-02-05T10:30:39.651Z]   ✓ Loaded checklists: 1 records
[2026-02-05T10:30:39.651Z]   ✓ Loaded files: 1 records
[2026-02-05T10:30:39.652Z] Loading MyWorkReview data (10% sample)...
[2026-02-05T10:30:39.652Z]   ✓ Loaded users: 3 records
[2026-02-05T10:30:39.652Z]   ✓ Loaded collaborators: 1 records
[2026-02-05T10:30:39.652Z]   ✓ Loaded workitems: 1 records
[2026-02-05T10:30:39.652Z]   ✓ Loaded templates: 0 records
[2026-02-05T10:30:39.652Z]   ✓ Loaded activityLogs: 1 records
[2026-02-05T10:30:39.652Z] Total records in 10% sample: 13
[2026-02-05T10:30:39.652Z] Initializing pilot database...
[2026-02-05T10:30:39.653Z] ✓ Database template copied from server initialization: /home/user/lexco/moonlanding/data/pilot-test.db
[2026-02-05T10:30:39.654Z] ✓ Database ready with 12 tables
[2026-02-05T10:30:39.654Z] Executing pilot migration...
[2026-02-05T10:30:39.686Z] ERROR: Phase 3.5 failed - this.logger?.warn is not a function
[2026-02-05T10:30:39.686Z] ERROR: Phase 3.5 FAILED - this.logger?.warn is not a function
[2026-02-05T10:30:39.686Z] 
========== EXECUTION SUMMARY ==========
[2026-02-05T10:30:39.686Z] Phase 3.5: FAIL - undefined records - undefineds
[2026-02-05T10:30:39.686Z] Total runtime: 0.04s
