[2026-02-05T10:31:31.003Z] Initializing main application database...
[2026-02-05T10:31:31.003Z] ✓ Using server-initialized database: /home/user/lexco/moonlanding/data/app.db
[2026-02-05T10:31:31.008Z] ✓ Database ready with 12 tables
[2026-02-05T10:31:31.008Z] Starting Phase 3.5 (Pilot Migration)...
[2026-02-05T10:31:31.008Z] ========== PHASE 3.5: PILOT MIGRATION (10% DATA) ==========
[2026-02-05T10:31:31.008Z] Loading Friday data (10% sample)...
[2026-02-05T10:31:31.008Z]   ✓ Loaded users: 5 records
[2026-02-05T10:31:31.009Z]   ✓ Loaded clients: 2 records
[2026-02-05T10:31:31.009Z]   ✓ Loaded engagements: 2 records
[2026-02-05T10:31:31.009Z]   ✓ Loaded rfis: 1 records
[2026-02-05T10:31:31.009Z]   ✓ Loaded reviews: 1 records
[2026-02-05T10:31:31.009Z]   ✓ Loaded messages: 1 records
[2026-02-05T10:31:31.009Z]   ✓ Loaded collaborators: 1 records
[2026-02-05T10:31:31.009Z]   ✓ Loaded checklists: 1 records
[2026-02-05T10:31:31.009Z]   ✓ Loaded files: 1 records
[2026-02-05T10:31:31.010Z] Loading MyWorkReview data (10% sample)...
[2026-02-05T10:31:31.010Z]   ✓ Loaded users: 3 records
[2026-02-05T10:31:31.010Z]   ✓ Loaded collaborators: 1 records
[2026-02-05T10:31:31.010Z]   ✓ Loaded workitems: 1 records
[2026-02-05T10:31:31.010Z]   ✓ Loaded templates: 0 records
[2026-02-05T10:31:31.010Z]   ✓ Loaded activityLogs: 1 records
[2026-02-05T10:31:31.011Z] Total records in 10% sample: 13
[2026-02-05T10:31:31.011Z] Initializing pilot database...
[2026-02-05T10:31:31.011Z] ✓ Database template copied from server initialization: /home/user/lexco/moonlanding/data/pilot-test.db
[2026-02-05T10:31:31.012Z] ✓ Database ready with 12 tables
[2026-02-05T10:31:31.012Z] Executing pilot migration...
[2026-02-05T10:31:31.049Z] ✓ Phase 3.5 complete: 5/8 validators passed
[2026-02-05T10:31:31.049Z] ERROR: Phase 3.5 FAILED
[2026-02-05T10:31:31.050Z] 
========== EXECUTION SUMMARY ==========
[2026-02-05T10:31:31.050Z] Phase 3.5: FAIL - 13 records - 0.04s
[2026-02-05T10:31:31.050Z] Total runtime: 0.05s
