[2026-02-05T09:34:52.911Z] Initializing main application database...
[2026-02-05T09:34:52.916Z] ✓ Database initialized: /home/user/lexco/moonlanding/data/app.db
[2026-02-05T09:34:52.917Z] Starting Phase 3.5 (Pilot Migration)...
[2026-02-05T09:34:52.917Z] ========== PHASE 3.5: PILOT MIGRATION (10% DATA) ==========
[2026-02-05T09:34:52.917Z] Loading Friday data (10% sample)...
[2026-02-05T09:34:52.917Z]   ✓ Loaded users: 5 records
[2026-02-05T09:34:52.918Z]   ✓ Loaded clients: 2 records
[2026-02-05T09:34:52.918Z]   ✓ Loaded engagements: 2 records
[2026-02-05T09:34:52.918Z]   ✓ Loaded rfis: 1 records
[2026-02-05T09:34:52.918Z]   ✓ Loaded reviews: 1 records
[2026-02-05T09:34:52.918Z]   ✓ Loaded messages: 1 records
[2026-02-05T09:34:52.919Z]   ✓ Loaded collaborators: 1 records
[2026-02-05T09:34:52.919Z]   ✓ Loaded checklists: 1 records
[2026-02-05T09:34:52.919Z]   ✓ Loaded files: 1 records
[2026-02-05T09:34:52.919Z] Loading MyWorkReview data (10% sample)...
[2026-02-05T09:34:52.919Z]   ✓ Loaded users: 3 records
[2026-02-05T09:34:52.920Z]   ✓ Loaded collaborators: 1 records
[2026-02-05T09:34:52.920Z]   ✓ Loaded workitems: 1 records
[2026-02-05T09:34:52.920Z]   ✓ Loaded templates: 0 records
[2026-02-05T09:34:52.920Z]   ✓ Loaded activityLogs: 1 records
[2026-02-05T09:34:52.920Z] Total records in 10% sample: 13
[2026-02-05T09:34:52.920Z] Initializing pilot database...
[2026-02-05T09:34:52.921Z] ✓ Database initialized: /home/user/lexco/moonlanding/data/pilot-test.db
[2026-02-05T09:34:52.921Z] Executing pilot migration...
[2026-02-05T09:34:52.932Z] ERROR: Phase 3.5 failed - table users has no column named type
[2026-02-05T09:34:52.932Z] ERROR: Phase 3.5 FAILED - table users has no column named type
[2026-02-05T09:34:52.932Z] 
========== EXECUTION SUMMARY ==========
[2026-02-05T09:34:52.932Z] Phase 3.5: FAIL - undefined records - undefineds
[2026-02-05T09:34:52.932Z] Total runtime: 0.02s
