[2026-02-05T09:39:50.865Z] Initializing main application database...
[2026-02-05T09:39:50.865Z] ✓ Using server-initialized database: /home/user/lexco/moonlanding/data/app.db
[2026-02-05T09:39:50.869Z] ✓ Database ready with 12 tables
[2026-02-05T09:39:50.870Z] Starting Phase 3.5 (Pilot Migration)...
[2026-02-05T09:39:50.870Z] ========== PHASE 3.5: PILOT MIGRATION (10% DATA) ==========
[2026-02-05T09:39:50.870Z] Loading Friday data (10% sample)...
[2026-02-05T09:39:50.871Z]   ✓ Loaded users: 5 records
[2026-02-05T09:39:50.871Z]   ✓ Loaded clients: 2 records
[2026-02-05T09:39:50.871Z]   ✓ Loaded engagements: 2 records
[2026-02-05T09:39:50.871Z]   ✓ Loaded rfis: 1 records
[2026-02-05T09:39:50.872Z]   ✓ Loaded reviews: 1 records
[2026-02-05T09:39:50.872Z]   ✓ Loaded messages: 1 records
[2026-02-05T09:39:50.872Z]   ✓ Loaded collaborators: 1 records
[2026-02-05T09:39:50.872Z]   ✓ Loaded checklists: 1 records
[2026-02-05T09:39:50.872Z]   ✓ Loaded files: 1 records
[2026-02-05T09:39:50.873Z] Loading MyWorkReview data (10% sample)...
[2026-02-05T09:39:50.873Z]   ✓ Loaded users: 3 records
[2026-02-05T09:39:50.873Z]   ✓ Loaded collaborators: 1 records
[2026-02-05T09:39:50.873Z]   ✓ Loaded workitems: 1 records
[2026-02-05T09:39:50.873Z]   ✓ Loaded templates: 0 records
[2026-02-05T09:39:50.873Z]   ✓ Loaded activityLogs: 1 records
[2026-02-05T09:39:50.874Z] Total records in 10% sample: 13
[2026-02-05T09:39:50.874Z] Initializing pilot database...
[2026-02-05T09:39:50.874Z] ✓ Database template copied from server initialization: /home/user/lexco/moonlanding/data/pilot-test.db
[2026-02-05T09:39:50.875Z] ✓ Database ready with 12 tables
[2026-02-05T09:39:50.875Z] Executing pilot migration...
[2026-02-05T09:39:50.891Z] ERROR: Phase 3.5 failed - table rfis has no column named metadata
[2026-02-05T09:39:50.891Z] ERROR: Phase 3.5 FAILED - table rfis has no column named metadata
[2026-02-05T09:39:50.891Z] 
========== EXECUTION SUMMARY ==========
[2026-02-05T09:39:50.891Z] Phase 3.5: FAIL - undefined records - undefineds
[2026-02-05T09:39:50.891Z] Total runtime: 0.03s
