[2026-02-05T09:34:31.772Z] Initializing main application database...
[2026-02-05T09:34:31.804Z] ✓ Database initialized: /home/user/lexco/moonlanding/data/app.db
[2026-02-05T09:34:31.805Z] Starting Phase 3.5 (Pilot Migration)...
[2026-02-05T09:34:31.805Z] ========== PHASE 3.5: PILOT MIGRATION (10% DATA) ==========
[2026-02-05T09:34:31.805Z] Loading Friday data (10% sample)...
[2026-02-05T09:34:31.806Z]   ✓ Loaded users: 5 records
[2026-02-05T09:34:31.806Z]   ✓ Loaded clients: 2 records
[2026-02-05T09:34:31.806Z]   ✓ Loaded engagements: 2 records
[2026-02-05T09:34:31.806Z]   ✓ Loaded rfis: 1 records
[2026-02-05T09:34:31.806Z]   ✓ Loaded reviews: 1 records
[2026-02-05T09:34:31.806Z]   ✓ Loaded messages: 1 records
[2026-02-05T09:34:31.807Z]   ✓ Loaded collaborators: 1 records
[2026-02-05T09:34:31.807Z]   ✓ Loaded checklists: 1 records
[2026-02-05T09:34:31.807Z]   ✓ Loaded files: 1 records
[2026-02-05T09:34:31.807Z] Loading MyWorkReview data (10% sample)...
[2026-02-05T09:34:31.807Z]   ✓ Loaded users: 3 records
[2026-02-05T09:34:31.807Z]   ✓ Loaded collaborators: 1 records
[2026-02-05T09:34:31.807Z]   ✓ Loaded workitems: 1 records
[2026-02-05T09:34:31.807Z]   ✓ Loaded templates: 0 records
[2026-02-05T09:34:31.808Z]   ✓ Loaded activityLogs: 1 records
[2026-02-05T09:34:31.808Z] Total records in 10% sample: 13
[2026-02-05T09:34:31.808Z] Initializing pilot database...
[2026-02-05T09:34:31.826Z] ✓ Database initialized: /home/user/lexco/moonlanding/data/pilot-test.db
[2026-02-05T09:34:31.826Z] Executing pilot migration...
[2026-02-05T09:34:31.839Z] ERROR: Phase 3.5 failed - table users has no column named type
[2026-02-05T09:34:31.839Z] ERROR: Phase 3.5 FAILED - table users has no column named type
[2026-02-05T09:34:31.840Z] 
========== EXECUTION SUMMARY ==========
[2026-02-05T09:34:31.840Z] Phase 3.5: FAIL - undefined records - undefineds
[2026-02-05T09:34:31.840Z] Total runtime: 0.07s
