[2026-02-05T10:26:48.527Z] Initializing main application database...
[2026-02-05T10:26:48.527Z] ✓ Using server-initialized database: /home/user/lexco/moonlanding/data/app.db
[2026-02-05T10:26:48.533Z] ✓ Database ready with 12 tables
[2026-02-05T10:26:48.533Z] Starting Phase 3.5 (Pilot Migration)...
[2026-02-05T10:26:48.533Z] ========== PHASE 3.5: PILOT MIGRATION (10% DATA) ==========
[2026-02-05T10:26:48.534Z] Loading Friday data (10% sample)...
[2026-02-05T10:26:48.534Z]   ✓ Loaded users: 5 records
[2026-02-05T10:26:48.535Z]   ✓ Loaded clients: 2 records
[2026-02-05T10:26:48.535Z]   ✓ Loaded engagements: 2 records
[2026-02-05T10:26:48.535Z]   ✓ Loaded rfis: 1 records
[2026-02-05T10:26:48.535Z]   ✓ Loaded reviews: 1 records
[2026-02-05T10:26:48.535Z]   ✓ Loaded messages: 1 records
[2026-02-05T10:26:48.535Z]   ✓ Loaded collaborators: 1 records
[2026-02-05T10:26:48.535Z]   ✓ Loaded checklists: 1 records
[2026-02-05T10:26:48.536Z]   ✓ Loaded files: 1 records
[2026-02-05T10:26:48.536Z] Loading MyWorkReview data (10% sample)...
[2026-02-05T10:26:48.536Z]   ✓ Loaded users: 3 records
[2026-02-05T10:26:48.536Z]   ✓ Loaded collaborators: 1 records
[2026-02-05T10:26:48.536Z]   ✓ Loaded workitems: 1 records
[2026-02-05T10:26:48.536Z]   ✓ Loaded templates: 0 records
[2026-02-05T10:26:48.537Z]   ✓ Loaded activityLogs: 1 records
[2026-02-05T10:26:48.537Z] Total records in 10% sample: 13
[2026-02-05T10:26:48.537Z] Initializing pilot database...
[2026-02-05T10:26:48.538Z] ✓ Database template copied from server initialization: /home/user/lexco/moonlanding/data/pilot-test.db
[2026-02-05T10:26:48.539Z] ✓ Database ready with 12 tables
[2026-02-05T10:26:48.539Z] Executing pilot migration...
[2026-02-05T10:26:48.556Z] ERROR: Phase 3.5 failed - no such table: rfis_question
[2026-02-05T10:26:48.556Z] ERROR: Phase 3.5 FAILED - no such table: rfis_question
[2026-02-05T10:26:48.556Z] 
========== EXECUTION SUMMARY ==========
[2026-02-05T10:26:48.556Z] Phase 3.5: FAIL - undefined records - undefineds
[2026-02-05T10:26:48.556Z] Total runtime: 0.03s
