[2026-02-05T10:25:30.192Z] Initializing main application database...
[2026-02-05T10:25:30.193Z] ✓ Using server-initialized database: /home/user/lexco/moonlanding/data/app.db
[2026-02-05T10:25:30.206Z] ✓ Database ready with 12 tables
[2026-02-05T10:25:30.206Z] Starting Phase 3.5 (Pilot Migration)...
[2026-02-05T10:25:30.206Z] ========== PHASE 3.5: PILOT MIGRATION (10% DATA) ==========
[2026-02-05T10:25:30.206Z] Loading Friday data (10% sample)...
[2026-02-05T10:25:30.207Z]   ✓ Loaded users: 5 records
[2026-02-05T10:25:30.208Z]   ✓ Loaded clients: 2 records
[2026-02-05T10:25:30.208Z]   ✓ Loaded engagements: 2 records
[2026-02-05T10:25:30.208Z]   ✓ Loaded rfis: 1 records
[2026-02-05T10:25:30.209Z]   ✓ Loaded reviews: 1 records
[2026-02-05T10:25:30.209Z]   ✓ Loaded messages: 1 records
[2026-02-05T10:25:30.210Z]   ✓ Loaded collaborators: 1 records
[2026-02-05T10:25:30.210Z]   ✓ Loaded checklists: 1 records
[2026-02-05T10:25:30.211Z]   ✓ Loaded files: 1 records
[2026-02-05T10:25:30.211Z] Loading MyWorkReview data (10% sample)...
[2026-02-05T10:25:30.212Z]   ✓ Loaded users: 3 records
[2026-02-05T10:25:30.212Z]   ✓ Loaded collaborators: 1 records
[2026-02-05T10:25:30.213Z]   ✓ Loaded workitems: 1 records
[2026-02-05T10:25:30.213Z]   ✓ Loaded templates: 0 records
[2026-02-05T10:25:30.214Z]   ✓ Loaded activityLogs: 1 records
[2026-02-05T10:25:30.214Z] Total records in 10% sample: 13
[2026-02-05T10:25:30.214Z] Initializing pilot database...
[2026-02-05T10:25:30.215Z] ✓ Database template copied from server initialization: /home/user/lexco/moonlanding/data/pilot-test.db
[2026-02-05T10:25:30.216Z] ✓ Database ready with 12 tables
[2026-02-05T10:25:30.216Z] Executing pilot migration...
[2026-02-05T10:25:30.230Z] ERROR: Phase 3.5 failed - near "order": syntax error
[2026-02-05T10:25:30.230Z] ERROR: Phase 3.5 FAILED - near "order": syntax error
[2026-02-05T10:25:30.230Z] 
========== EXECUTION SUMMARY ==========
[2026-02-05T10:25:30.230Z] Phase 3.5: FAIL - undefined records - undefineds
[2026-02-05T10:25:30.230Z] Total runtime: 0.04s
