[2026-02-05T09:34:34.030Z] Initializing main application database...
[2026-02-05T09:34:34.035Z] ✓ Database initialized: /home/user/lexco/moonlanding/data/app.db
[2026-02-05T09:34:34.035Z] Starting Phase 3.5 (Pilot Migration)...
[2026-02-05T09:34:34.035Z] ========== PHASE 3.5: PILOT MIGRATION (10% DATA) ==========
[2026-02-05T09:34:34.036Z] Loading Friday data (10% sample)...
[2026-02-05T09:34:34.036Z]   ✓ Loaded users: 5 records
[2026-02-05T09:34:34.036Z]   ✓ Loaded clients: 2 records
[2026-02-05T09:34:34.037Z]   ✓ Loaded engagements: 2 records
[2026-02-05T09:34:34.037Z]   ✓ Loaded rfis: 1 records
[2026-02-05T09:34:34.037Z]   ✓ Loaded reviews: 1 records
[2026-02-05T09:34:34.038Z]   ✓ Loaded messages: 1 records
[2026-02-05T09:34:34.038Z]   ✓ Loaded collaborators: 1 records
[2026-02-05T09:34:34.038Z]   ✓ Loaded checklists: 1 records
[2026-02-05T09:34:34.038Z]   ✓ Loaded files: 1 records
[2026-02-05T09:34:34.038Z] Loading MyWorkReview data (10% sample)...
[2026-02-05T09:34:34.038Z]   ✓ Loaded users: 3 records
[2026-02-05T09:34:34.039Z]   ✓ Loaded collaborators: 1 records
[2026-02-05T09:34:34.039Z]   ✓ Loaded workitems: 1 records
[2026-02-05T09:34:34.039Z]   ✓ Loaded templates: 0 records
[2026-02-05T09:34:34.039Z]   ✓ Loaded activityLogs: 1 records
[2026-02-05T09:34:34.039Z] Total records in 10% sample: 13
[2026-02-05T09:34:34.039Z] Initializing pilot database...
[2026-02-05T09:34:34.040Z] ✓ Database initialized: /home/user/lexco/moonlanding/data/pilot-test.db
[2026-02-05T09:34:34.040Z] Executing pilot migration...
[2026-02-05T09:34:34.050Z] ERROR: Phase 3.5 failed - table users has no column named type
[2026-02-05T09:34:34.051Z] ERROR: Phase 3.5 FAILED - table users has no column named type
[2026-02-05T09:34:34.051Z] 
========== EXECUTION SUMMARY ==========
[2026-02-05T09:34:34.051Z] Phase 3.5: FAIL - undefined records - undefineds
[2026-02-05T09:34:34.051Z] Total runtime: 0.02s
