[2026-02-05T09:39:21.115Z] Initializing main application database...
[2026-02-05T09:39:21.116Z] ✓ Using server-initialized database: /home/user/lexco/moonlanding/data/app.db
[2026-02-05T09:39:21.121Z] ✓ Database ready with 12 tables
[2026-02-05T09:39:21.121Z] Starting Phase 3.5 (Pilot Migration)...
[2026-02-05T09:39:21.121Z] ========== PHASE 3.5: PILOT MIGRATION (10% DATA) ==========
[2026-02-05T09:39:21.121Z] Loading Friday data (10% sample)...
[2026-02-05T09:39:21.122Z]   ✓ Loaded users: 5 records
[2026-02-05T09:39:21.122Z]   ✓ Loaded clients: 2 records
[2026-02-05T09:39:21.123Z]   ✓ Loaded engagements: 2 records
[2026-02-05T09:39:21.123Z]   ✓ Loaded rfis: 1 records
[2026-02-05T09:39:21.123Z]   ✓ Loaded reviews: 1 records
[2026-02-05T09:39:21.123Z]   ✓ Loaded messages: 1 records
[2026-02-05T09:39:21.123Z]   ✓ Loaded collaborators: 1 records
[2026-02-05T09:39:21.123Z]   ✓ Loaded checklists: 1 records
[2026-02-05T09:39:21.123Z]   ✓ Loaded files: 1 records
[2026-02-05T09:39:21.124Z] Loading MyWorkReview data (10% sample)...
[2026-02-05T09:39:21.124Z]   ✓ Loaded users: 3 records
[2026-02-05T09:39:21.124Z]   ✓ Loaded collaborators: 1 records
[2026-02-05T09:39:21.124Z]   ✓ Loaded workitems: 1 records
[2026-02-05T09:39:21.124Z]   ✓ Loaded templates: 0 records
[2026-02-05T09:39:21.125Z]   ✓ Loaded activityLogs: 1 records
[2026-02-05T09:39:21.125Z] Total records in 10% sample: 13
[2026-02-05T09:39:21.125Z] Initializing pilot database...
[2026-02-05T09:39:21.126Z] ✓ Database template copied from server initialization: /home/user/lexco/moonlanding/data/pilot-test.db
[2026-02-05T09:39:21.126Z] ✓ Database ready with 12 tables
[2026-02-05T09:39:21.126Z] Executing pilot migration...
[2026-02-05T09:39:21.139Z] ERROR: Phase 3.5 failed - no such table: rfi
[2026-02-05T09:39:21.139Z] ERROR: Phase 3.5 FAILED - no such table: rfi
[2026-02-05T09:39:21.139Z] 
========== EXECUTION SUMMARY ==========
[2026-02-05T09:39:21.139Z] Phase 3.5: FAIL - undefined records - undefineds
[2026-02-05T09:39:21.139Z] Total runtime: 0.02s
