[2026-02-05T10:32:51.684Z] Initializing main application database...
[2026-02-05T10:32:51.684Z] ✓ Using server-initialized database: /home/user/lexco/moonlanding/data/app.db
[2026-02-05T10:32:51.689Z] ✓ Database ready with 12 tables
[2026-02-05T10:32:51.689Z] Starting Phase 3.5 (Pilot Migration)...
[2026-02-05T10:32:51.689Z] ========== PHASE 3.5: PILOT MIGRATION (10% DATA) ==========
[2026-02-05T10:32:51.690Z] Loading Friday data (10% sample)...
[2026-02-05T10:32:51.690Z]   ✓ Loaded users: 5 records
[2026-02-05T10:32:51.690Z]   ✓ Loaded clients: 2 records
[2026-02-05T10:32:51.691Z]   ✓ Loaded engagements: 2 records
[2026-02-05T10:32:51.691Z]   ✓ Loaded rfis: 1 records
[2026-02-05T10:32:51.691Z]   ✓ Loaded reviews: 1 records
[2026-02-05T10:32:51.691Z]   ✓ Loaded messages: 1 records
[2026-02-05T10:32:51.691Z]   ✓ Loaded collaborators: 1 records
[2026-02-05T10:32:51.691Z]   ✓ Loaded checklists: 1 records
[2026-02-05T10:32:51.691Z]   ✓ Loaded files: 1 records
[2026-02-05T10:32:51.692Z] Loading MyWorkReview data (10% sample)...
[2026-02-05T10:32:51.692Z]   ✓ Loaded users: 3 records
[2026-02-05T10:32:51.692Z]   ✓ Loaded collaborators: 1 records
[2026-02-05T10:32:51.692Z]   ✓ Loaded workitems: 1 records
[2026-02-05T10:32:51.692Z]   ✓ Loaded templates: 0 records
[2026-02-05T10:32:51.692Z]   ✓ Loaded activityLogs: 1 records
[2026-02-05T10:32:51.692Z] Total records in 10% sample: 13
[2026-02-05T10:32:51.692Z] Initializing pilot database...
[2026-02-05T10:32:51.693Z] ✓ Database template copied from server initialization: /home/user/lexco/moonlanding/data/pilot-test.db
[2026-02-05T10:32:51.694Z] ✓ Database ready with 12 tables
[2026-02-05T10:32:51.694Z] Executing pilot migration...
[2026-02-05T10:32:51.731Z] ✓ Phase 3.5 complete: 5/8 validators passed (required 6/8)
[2026-02-05T10:32:51.731Z] ✅ Phase 3.5 SUCCESS: 13 records migrated
[2026-02-05T10:32:51.731Z] 
========== EXECUTION SUMMARY ==========
[2026-02-05T10:32:51.731Z] Phase 3.5: PASS - 13 records - 0.04s
[2026-02-05T10:32:51.731Z] Total runtime: 0.05s
