[2026-02-05T09:36:27.540Z] ========== STARTING MIGRATION ORCHESTRATOR ==========
[2026-02-05T09:36:27.540Z] Initializing database connections...
[2026-02-05T09:36:27.540Z] ✓ Target database connected
[2026-02-05T09:36:27.541Z] Creating backup: pre-migration
[2026-02-05T09:36:27.541Z] ✓ Backup created: /home/user/lexco/moonlanding/data/backups/app-pre-migration-1770284187541.db
[2026-02-05T09:36:27.542Z] Beginning transaction...
[2026-02-05T09:36:27.542Z] 
--- MIGRATING USERS ---
[2026-02-05T09:36:27.542Z] Creating user_id_mapping table
[2026-02-05T09:36:27.542Z] user_id_mapping table created
[2026-02-05T09:36:27.542Z] Processing 1 Friday users
[2026-02-05T09:36:27.542Z] Analyzing existing Moonlanding users
[2026-02-05T09:36:27.543Z] Found 0 unique emails in existing Moonlanding users
[2026-02-05T09:36:27.543Z] Friday users processed: 1 new, 0 deduplicated, 0 errors
[2026-02-05T09:36:27.543Z] Saving 1 user ID mappings
[2026-02-05T09:36:27.543Z] Saved 1/1 mappings
[2026-02-05T09:36:27.543Z] Processing 1 MyWorkReview users
[2026-02-05T09:36:27.543Z] Analyzing existing Moonlanding users
[2026-02-05T09:36:27.543Z] Found 0 unique emails in existing Moonlanding users
[2026-02-05T09:36:27.544Z] MWR users processed: 0 new, 1 deduplicated with Friday, 0 deduplicated with existing, 0 errors
[2026-02-05T09:36:27.544Z] Saving 1 user ID mappings
[2026-02-05T09:36:27.544Z] Saved 1/1 mappings
[2026-02-05T09:36:27.544Z] Inserting 1 new users...
[2026-02-05T09:36:27.544Z] Verifying user deduplication
[2026-02-05T09:36:27.544Z] Deduplication verification: 1/1 unique emails
[2026-02-05T09:36:27.544Z] ✓ Users migrated: 1 new, 1 deduplicated
[2026-02-05T09:36:27.544Z] 
--- MIGRATING CLIENTS ---
[2026-02-05T09:36:27.545Z] ERROR: Client migration failed - table clients has no column named industry
[2026-02-05T09:36:27.545Z] ERROR: Migration failed - rolling back - table clients has no column named industry
[2026-02-05T09:36:27.545Z] ✓ Rollback completed
