[2026-02-05T09:35:29.920Z] ========== STARTING MIGRATION ORCHESTRATOR ==========
[2026-02-05T09:35:29.920Z] Initializing database connections...
[2026-02-05T09:35:29.921Z] ✓ Target database connected
[2026-02-05T09:35:29.921Z] Creating backup: pre-migration
[2026-02-05T09:35:29.922Z] ✓ Backup created: /home/user/lexco/moonlanding/data/backups/app-pre-migration-1770284129921.db
[2026-02-05T09:35:29.922Z] Beginning transaction...
[2026-02-05T09:35:29.922Z] 
--- MIGRATING USERS ---
[2026-02-05T09:35:29.923Z] Creating user_id_mapping table
[2026-02-05T09:35:29.923Z] user_id_mapping table created
[2026-02-05T09:35:29.923Z] Processing 1 Friday users
[2026-02-05T09:35:29.923Z] Analyzing existing Moonlanding users
[2026-02-05T09:35:29.923Z] Found 0 unique emails in existing Moonlanding users
[2026-02-05T09:35:29.923Z] Friday users processed: 1 new, 0 deduplicated, 0 errors
[2026-02-05T09:35:29.924Z] Saving 1 user ID mappings
[2026-02-05T09:35:29.924Z] Saved 1/1 mappings
[2026-02-05T09:35:29.924Z] Processing 1 MyWorkReview users
[2026-02-05T09:35:29.924Z] Analyzing existing Moonlanding users
[2026-02-05T09:35:29.924Z] Found 0 unique emails in existing Moonlanding users
[2026-02-05T09:35:29.924Z] MWR users processed: 0 new, 1 deduplicated with Friday, 0 deduplicated with existing, 0 errors
[2026-02-05T09:35:29.924Z] Saving 1 user ID mappings
[2026-02-05T09:35:29.924Z] Saved 1/1 mappings
[2026-02-05T09:35:29.925Z] Inserting 1 new users...
[2026-02-05T09:35:29.925Z] Verifying user deduplication
[2026-02-05T09:35:29.925Z] Deduplication verification: 1/1 unique emails
[2026-02-05T09:35:29.925Z] ✓ Users migrated: 1 new, 1 deduplicated
[2026-02-05T09:35:29.925Z] 
--- MIGRATING CLIENTS ---
[2026-02-05T09:35:29.925Z] ERROR: Client migration failed - table clients has no column named industry
[2026-02-05T09:35:29.926Z] ERROR: Migration failed - rolling back - table clients has no column named industry
[2026-02-05T09:35:29.926Z] ✓ Rollback completed
