[2026-02-05T10:31:11.357Z] ========== STARTING MIGRATION ORCHESTRATOR ==========
[2026-02-05T10:31:11.357Z] Initializing database connections...
[2026-02-05T10:31:11.358Z] ✓ Target database connected
[2026-02-05T10:31:11.358Z] Creating backup: pre-migration
[2026-02-05T10:31:11.359Z] ✓ Backup created: /home/user/lexco/moonlanding/data/backups/app-pre-migration-1770287471358.db
[2026-02-05T10:31:11.359Z] Beginning transaction...
[2026-02-05T10:31:11.359Z] 
--- MIGRATING USERS ---
[2026-02-05T10:31:11.359Z] Creating user_id_mapping table
[2026-02-05T10:31:11.359Z] user_id_mapping table created
[2026-02-05T10:31:11.360Z] Processing 1 Friday users
[2026-02-05T10:31:11.360Z] Analyzing existing Moonlanding users
[2026-02-05T10:31:11.360Z] Found 0 unique emails in existing Moonlanding users
[2026-02-05T10:31:11.360Z] Friday users processed: 1 new, 0 deduplicated, 0 errors
[2026-02-05T10:31:11.360Z] Saving 1 user ID mappings
[2026-02-05T10:31:11.360Z] Saved 1/1 mappings
[2026-02-05T10:31:11.361Z] Processing 1 MyWorkReview users
[2026-02-05T10:31:11.361Z] Analyzing existing Moonlanding users
[2026-02-05T10:31:11.361Z] Found 0 unique emails in existing Moonlanding users
[2026-02-05T10:31:11.361Z] MWR users processed: 0 new, 1 deduplicated with Friday, 0 deduplicated with existing, 0 errors
[2026-02-05T10:31:11.362Z] Saving 1 user ID mappings
[2026-02-05T10:31:11.362Z] Saved 1/1 mappings
[2026-02-05T10:31:11.362Z] Inserting 1 new users...
[2026-02-05T10:31:11.362Z] Verifying user deduplication
[2026-02-05T10:31:11.362Z] Deduplication verification: 1/1 unique emails
[2026-02-05T10:31:11.363Z] ✓ Users migrated: 1 new, 1 deduplicated
[2026-02-05T10:31:11.363Z] 
--- MIGRATING CLIENTS ---
[2026-02-05T10:31:11.363Z] ✓ Migrated 1 clients
[2026-02-05T10:31:11.363Z] 
--- MIGRATING ENGAGEMENTS ---
[2026-02-05T10:31:11.363Z]   [EngagementMigrator] Starting migration of 1 engagements
[2026-02-05T10:31:11.364Z]   [EngagementMigrator] Migrated 1/1 engagements
[2026-02-05T10:31:11.364Z] ✓ 1 engagements migrated
[2026-02-05T10:31:11.364Z] 
--- MIGRATING RFIs (with questions/responses) ---
[2026-02-05T10:31:11.364Z]   [RFIMigrator] Starting migration of 1 RFIs
[2026-02-05T10:31:11.365Z]   [RFIMigrator] Migrated 1/1 RFIs
[2026-02-05T10:31:11.365Z] ✓ 1 RFIs with questions/responses migrated
[2026-02-05T10:31:11.365Z] 
--- MIGRATING REVIEWS (with highlights) ---
[2026-02-05T10:31:11.365Z]   [ReviewMigrator] Starting migration of 1 reviews
[2026-02-05T10:31:11.365Z]   [ReviewMigrator] Migrated 1/1 reviews
[2026-02-05T10:31:11.365Z] ✓ 1 reviews with highlights migrated
[2026-02-05T10:31:11.366Z] 
--- MIGRATING MESSAGES ---
[2026-02-05T10:31:11.366Z]   [MessageMigrator] Starting migration of 1 messages
[2026-02-05T10:31:11.366Z]   [MessageMigrator] Migrated 1/1 messages
[2026-02-05T10:31:11.366Z] ✓ 1 messages migrated
[2026-02-05T10:31:11.366Z] 
--- MIGRATING COLLABORATORS ---
[2026-02-05T10:31:11.366Z]   [CollaboratorMigrator] Starting migration of 2 collaborators
[2026-02-05T10:31:11.367Z]   [CollaboratorMigrator] Migrated 2/2 collaborators
[2026-02-05T10:31:11.367Z] ✓ 2 collaborators migrated
[2026-02-05T10:31:11.367Z] 
--- MIGRATING CHECKLISTS (with items) ---
[2026-02-05T10:31:11.367Z]   [ChecklistMigrator] Starting migration of 2 checklists (with items)
[2026-02-05T10:31:11.367Z]   [ChecklistMigrator] Migrated 2/2 checklists with items
[2026-02-05T10:31:11.367Z] ✓ 2 checklists with items migrated
[2026-02-05T10:31:11.368Z] 
--- MIGRATING FILES ---
[2026-02-05T10:31:11.368Z]   [FileMigrator] Starting migration of 1 files
[2026-02-05T10:31:11.368Z]   [FileMigrator] Migrated 1/1 files
[2026-02-05T10:31:11.368Z] ✓ 1 files migrated
[2026-02-05T10:31:11.368Z] 
--- MIGRATING ACTIVITY LOGS ---
[2026-02-05T10:31:11.368Z]   [ActivityLogMigrator] Starting migration of 1 activity logs
[2026-02-05T10:31:11.369Z]   [ActivityLogMigrator] Migrated 1/1 activity logs
[2026-02-05T10:31:11.369Z] ✓ 1 activity logs migrated
[2026-02-05T10:31:11.369Z] 
--- MIGRATING PERMISSIONS ---
[2026-02-05T10:31:11.369Z]   [PermissionMigrator] Skipping permissions migration (no permissions table in schema)
[2026-02-05T10:31:11.369Z]   [PermissionMigrator] Migrated 0/0 permissions
[2026-02-05T10:31:11.369Z] ✓ 0 permissions migrated
[2026-02-05T10:31:11.369Z] Committing transaction...
[2026-02-05T10:31:11.375Z] ✓ Transaction committed
[2026-02-05T10:31:11.375Z] Enabling foreign key constraints...
[2026-02-05T10:31:11.375Z] ✓ Foreign keys enabled
[2026-02-05T10:31:11.375Z] 
========== RUNNING VALIDATORS ==========
[2026-02-05T10:31:11.379Z] ========== MIGRATION ORCHESTRATOR COMPLETE ==========
