[2026-02-05T10:32:13.492Z] ========== STARTING MIGRATION ORCHESTRATOR ==========
[2026-02-05T10:32:13.492Z] Initializing database connections...
[2026-02-05T10:32:13.493Z] ✓ Target database connected
[2026-02-05T10:32:13.493Z] Creating backup: pre-migration
[2026-02-05T10:32:13.493Z] ✓ Backup created: /home/user/lexco/moonlanding/data/backups/app-pre-migration-1770287533493.db
[2026-02-05T10:32:13.493Z] Beginning transaction...
[2026-02-05T10:32:13.494Z] 
--- MIGRATING USERS ---
[2026-02-05T10:32:13.494Z] Creating user_id_mapping table
[2026-02-05T10:32:13.494Z] user_id_mapping table created
[2026-02-05T10:32:13.494Z] Processing 1 Friday users
[2026-02-05T10:32:13.494Z] Analyzing existing Moonlanding users
[2026-02-05T10:32:13.494Z] Found 0 unique emails in existing Moonlanding users
[2026-02-05T10:32:13.495Z] Friday users processed: 1 new, 0 deduplicated, 0 errors
[2026-02-05T10:32:13.495Z] Saving 1 user ID mappings
[2026-02-05T10:32:13.495Z] Saved 1/1 mappings
[2026-02-05T10:32:13.495Z] Processing 1 MyWorkReview users
[2026-02-05T10:32:13.495Z] Analyzing existing Moonlanding users
[2026-02-05T10:32:13.495Z] Found 0 unique emails in existing Moonlanding users
[2026-02-05T10:32:13.496Z] MWR users processed: 0 new, 1 deduplicated with Friday, 0 deduplicated with existing, 0 errors
[2026-02-05T10:32:13.496Z] Saving 1 user ID mappings
[2026-02-05T10:32:13.496Z] Saved 1/1 mappings
[2026-02-05T10:32:13.496Z] Inserting 1 new users...
[2026-02-05T10:32:13.496Z] Verifying user deduplication
[2026-02-05T10:32:13.496Z] Deduplication verification: 1/1 unique emails
[2026-02-05T10:32:13.496Z] ✓ Users migrated: 1 new, 1 deduplicated
[2026-02-05T10:32:13.497Z] 
--- MIGRATING CLIENTS ---
[2026-02-05T10:32:13.497Z] ✓ Migrated 1 clients
[2026-02-05T10:32:13.497Z] 
--- MIGRATING ENGAGEMENTS ---
[2026-02-05T10:32:13.497Z]   [EngagementMigrator] Starting migration of 1 engagements
[2026-02-05T10:32:13.497Z]   [EngagementMigrator] Migrated 1/1 engagements
[2026-02-05T10:32:13.497Z] ✓ 1 engagements migrated
[2026-02-05T10:32:13.498Z] 
--- MIGRATING RFIs (with questions/responses) ---
[2026-02-05T10:32:13.498Z]   [RFIMigrator] Starting migration of 1 RFIs
[2026-02-05T10:32:13.498Z]   [RFIMigrator] Migrated 1/1 RFIs
[2026-02-05T10:32:13.498Z] ✓ 1 RFIs with questions/responses migrated
[2026-02-05T10:32:13.498Z] 
--- MIGRATING REVIEWS (with highlights) ---
[2026-02-05T10:32:13.498Z]   [ReviewMigrator] Starting migration of 1 reviews
[2026-02-05T10:32:13.498Z]   [ReviewMigrator] Migrated 1/1 reviews
[2026-02-05T10:32:13.499Z] ✓ 1 reviews with highlights migrated
[2026-02-05T10:32:13.499Z] 
--- MIGRATING MESSAGES ---
[2026-02-05T10:32:13.499Z]   [MessageMigrator] Starting migration of 1 messages
[2026-02-05T10:32:13.499Z]   [MessageMigrator] Migrated 1/1 messages
[2026-02-05T10:32:13.499Z] ✓ 1 messages migrated
[2026-02-05T10:32:13.499Z] 
--- MIGRATING COLLABORATORS ---
[2026-02-05T10:32:13.499Z]   [CollaboratorMigrator] Starting migration of 2 collaborators
[2026-02-05T10:32:13.500Z]   [CollaboratorMigrator] Migrated 2/2 collaborators
[2026-02-05T10:32:13.500Z] ✓ 2 collaborators migrated
[2026-02-05T10:32:13.500Z] 
--- MIGRATING CHECKLISTS (with items) ---
[2026-02-05T10:32:13.500Z]   [ChecklistMigrator] Starting migration of 2 checklists (with items)
[2026-02-05T10:32:13.500Z]   [ChecklistMigrator] Migrated 2/2 checklists with items
[2026-02-05T10:32:13.500Z] ✓ 2 checklists with items migrated
[2026-02-05T10:32:13.501Z] 
--- MIGRATING FILES ---
[2026-02-05T10:32:13.501Z]   [FileMigrator] Starting migration of 1 files
[2026-02-05T10:32:13.501Z]   [FileMigrator] Migrated 1/1 files
[2026-02-05T10:32:13.501Z] ✓ 1 files migrated
[2026-02-05T10:32:13.501Z] 
--- MIGRATING ACTIVITY LOGS ---
[2026-02-05T10:32:13.501Z]   [ActivityLogMigrator] Starting migration of 1 activity logs
[2026-02-05T10:32:13.502Z]   [ActivityLogMigrator] Migrated 1/1 activity logs
[2026-02-05T10:32:13.502Z] ✓ 1 activity logs migrated
[2026-02-05T10:32:13.502Z] 
--- MIGRATING PERMISSIONS ---
[2026-02-05T10:32:13.502Z]   [PermissionMigrator] Skipping permissions migration (no permissions table in schema)
[2026-02-05T10:32:13.502Z]   [PermissionMigrator] Migrated 0/0 permissions
[2026-02-05T10:32:13.502Z] ✓ 0 permissions migrated
[2026-02-05T10:32:13.502Z] Committing transaction...
[2026-02-05T10:32:13.508Z] ✓ Transaction committed
[2026-02-05T10:32:13.508Z] Enabling foreign key constraints...
[2026-02-05T10:32:13.508Z] ✓ Foreign keys enabled
[2026-02-05T10:32:13.508Z] 
========== RUNNING VALIDATORS ==========
[2026-02-05T10:32:13.511Z] ========== MIGRATION ORCHESTRATOR COMPLETE ==========
