[2026-02-05T09:34:52.927Z] ========== STARTING MIGRATION ORCHESTRATOR ==========
[2026-02-05T09:34:52.928Z] Initializing database connections...
[2026-02-05T09:34:52.928Z] ✓ Target database connected
[2026-02-05T09:34:52.928Z] Creating backup: pre-migration
[2026-02-05T09:34:52.929Z] ✓ Backup created: /home/user/lexco/moonlanding/data/backups/app-pre-migration-1770284092928.db
[2026-02-05T09:34:52.929Z] Beginning transaction...
[2026-02-05T09:34:52.929Z] 
--- MIGRATING USERS ---
[2026-02-05T09:34:52.929Z] Creating user_id_mapping table
[2026-02-05T09:34:52.930Z] user_id_mapping table created
[2026-02-05T09:34:52.930Z] Processing 1 Friday users
[2026-02-05T09:34:52.930Z] Analyzing existing Moonlanding users
[2026-02-05T09:34:52.930Z] Found 0 unique emails in existing Moonlanding users
[2026-02-05T09:34:52.930Z] Friday users processed: 1 new, 0 deduplicated, 0 errors
[2026-02-05T09:34:52.930Z] Saving 1 user ID mappings
[2026-02-05T09:34:52.931Z] Saved 1/1 mappings
[2026-02-05T09:34:52.931Z] Processing 1 MyWorkReview users
[2026-02-05T09:34:52.931Z] Analyzing existing Moonlanding users
[2026-02-05T09:34:52.931Z] Found 0 unique emails in existing Moonlanding users
[2026-02-05T09:34:52.931Z] MWR users processed: 0 new, 1 deduplicated with Friday, 0 deduplicated with existing, 0 errors
[2026-02-05T09:34:52.931Z] Saving 1 user ID mappings
[2026-02-05T09:34:52.931Z] Saved 1/1 mappings
[2026-02-05T09:34:52.931Z] Inserting 1 new users...
[2026-02-05T09:34:52.932Z] ERROR: User migration failed - table users has no column named type
[2026-02-05T09:34:52.932Z] ERROR: Migration failed - rolling back - table users has no column named type
[2026-02-05T09:34:52.932Z] ✓ Rollback completed
