[2026-02-05T10:30:25.173Z] ========== STARTING MIGRATION ORCHESTRATOR ==========
[2026-02-05T10:30:25.173Z] Initializing database connections...
[2026-02-05T10:30:25.174Z] ✓ Target database connected
[2026-02-05T10:30:25.174Z] Creating backup: pre-migration
[2026-02-05T10:30:25.174Z] ✓ Backup created: /home/user/lexco/moonlanding/data/backups/app-pre-migration-1770287425174.db
[2026-02-05T10:30:25.174Z] Beginning transaction...
[2026-02-05T10:30:25.175Z] 
--- MIGRATING USERS ---
[2026-02-05T10:30:25.175Z] Creating user_id_mapping table
[2026-02-05T10:30:25.175Z] user_id_mapping table created
[2026-02-05T10:30:25.175Z] Processing 1 Friday users
[2026-02-05T10:30:25.176Z] Analyzing existing Moonlanding users
[2026-02-05T10:30:25.176Z] Found 0 unique emails in existing Moonlanding users
[2026-02-05T10:30:25.176Z] Friday users processed: 1 new, 0 deduplicated, 0 errors
[2026-02-05T10:30:25.176Z] Saving 1 user ID mappings
[2026-02-05T10:30:25.176Z] Saved 1/1 mappings
[2026-02-05T10:30:25.177Z] Processing 1 MyWorkReview users
[2026-02-05T10:30:25.177Z] Analyzing existing Moonlanding users
[2026-02-05T10:30:25.177Z] Found 0 unique emails in existing Moonlanding users
[2026-02-05T10:30:25.177Z] MWR users processed: 0 new, 1 deduplicated with Friday, 0 deduplicated with existing, 0 errors
[2026-02-05T10:30:25.177Z] Saving 1 user ID mappings
[2026-02-05T10:30:25.177Z] Saved 1/1 mappings
[2026-02-05T10:30:25.177Z] Inserting 1 new users...
[2026-02-05T10:30:25.177Z] Verifying user deduplication
[2026-02-05T10:30:25.178Z] Deduplication verification: 1/1 unique emails
[2026-02-05T10:30:25.178Z] ✓ Users migrated: 1 new, 1 deduplicated
[2026-02-05T10:30:25.178Z] 
--- MIGRATING CLIENTS ---
[2026-02-05T10:30:25.178Z] ✓ Migrated 1 clients
[2026-02-05T10:30:25.178Z] 
--- MIGRATING ENGAGEMENTS ---
[2026-02-05T10:30:25.178Z]   [EngagementMigrator] Starting migration of 1 engagements
[2026-02-05T10:30:25.179Z]   [EngagementMigrator] Migrated 1/1 engagements
[2026-02-05T10:30:25.179Z] ✓ 1 engagements migrated
[2026-02-05T10:30:25.179Z] 
--- MIGRATING RFIs (with questions/responses) ---
[2026-02-05T10:30:25.179Z]   [RFIMigrator] Starting migration of 1 RFIs
[2026-02-05T10:30:25.179Z]   [RFIMigrator] Migrated 1/1 RFIs
[2026-02-05T10:30:25.179Z] ✓ 1 RFIs with questions/responses migrated
[2026-02-05T10:30:25.179Z] 
--- MIGRATING REVIEWS (with highlights) ---
[2026-02-05T10:30:25.180Z]   [ReviewMigrator] Starting migration of 1 reviews
[2026-02-05T10:30:25.180Z]   [ReviewMigrator] Migrated 1/1 reviews
[2026-02-05T10:30:25.180Z] ✓ 1 reviews with highlights migrated
[2026-02-05T10:30:25.180Z] 
--- MIGRATING MESSAGES ---
[2026-02-05T10:30:25.180Z]   [MessageMigrator] Starting migration of 1 messages
[2026-02-05T10:30:25.180Z]   [MessageMigrator] Migrated 1/1 messages
[2026-02-05T10:30:25.181Z] ✓ 1 messages migrated
[2026-02-05T10:30:25.181Z] 
--- MIGRATING COLLABORATORS ---
[2026-02-05T10:30:25.181Z]   [CollaboratorMigrator] Starting migration of 2 collaborators
[2026-02-05T10:30:25.181Z]   [CollaboratorMigrator] Migrated 2/2 collaborators
[2026-02-05T10:30:25.181Z] ✓ 2 collaborators migrated
[2026-02-05T10:30:25.181Z] 
--- MIGRATING CHECKLISTS (with items) ---
[2026-02-05T10:30:25.181Z]   [ChecklistMigrator] Starting migration of 2 checklists (with items)
[2026-02-05T10:30:25.182Z]   [ChecklistMigrator] Migrated 2/2 checklists with items
[2026-02-05T10:30:25.182Z] ✓ 2 checklists with items migrated
[2026-02-05T10:30:25.182Z] 
--- MIGRATING FILES ---
[2026-02-05T10:30:25.182Z]   [FileMigrator] Starting migration of 1 files
[2026-02-05T10:30:25.182Z]   [FileMigrator] Migrated 1/1 files
[2026-02-05T10:30:25.182Z] ✓ 1 files migrated
[2026-02-05T10:30:25.182Z] 
--- MIGRATING ACTIVITY LOGS ---
[2026-02-05T10:30:25.183Z]   [ActivityLogMigrator] Starting migration of 1 activity logs
[2026-02-05T10:30:25.183Z]   [ActivityLogMigrator] Migrated 1/1 activity logs
[2026-02-05T10:30:25.183Z] ✓ 1 activity logs migrated
[2026-02-05T10:30:25.183Z] 
--- MIGRATING PERMISSIONS ---
[2026-02-05T10:30:25.183Z]   [PermissionMigrator] Skipping permissions migration (no permissions table in schema)
[2026-02-05T10:30:25.183Z] ERROR: Migration failed - rolling back - Cannot read properties of undefined (reading 'forEach')
[2026-02-05T10:30:25.184Z] ✓ Rollback completed
