[2026-02-05T09:35:32.366Z] ========== STARTING MIGRATION ORCHESTRATOR ==========
[2026-02-05T09:35:32.367Z] Initializing database connections...
[2026-02-05T09:35:32.368Z] ✓ Target database connected
[2026-02-05T09:35:32.368Z] Creating backup: pre-migration
[2026-02-05T09:35:32.369Z] ✓ Backup created: /home/user/lexco/moonlanding/data/backups/app-pre-migration-1770284132368.db
[2026-02-05T09:35:32.369Z] Beginning transaction...
[2026-02-05T09:35:32.369Z] 
--- MIGRATING USERS ---
[2026-02-05T09:35:32.369Z] Creating user_id_mapping table
[2026-02-05T09:35:32.369Z] user_id_mapping table created
[2026-02-05T09:35:32.370Z] Processing 1 Friday users
[2026-02-05T09:35:32.370Z] Analyzing existing Moonlanding users
[2026-02-05T09:35:32.370Z] Found 0 unique emails in existing Moonlanding users
[2026-02-05T09:35:32.370Z] Friday users processed: 1 new, 0 deduplicated, 0 errors
[2026-02-05T09:35:32.370Z] Saving 1 user ID mappings
[2026-02-05T09:35:32.371Z] Saved 1/1 mappings
[2026-02-05T09:35:32.371Z] Processing 1 MyWorkReview users
[2026-02-05T09:35:32.371Z] Analyzing existing Moonlanding users
[2026-02-05T09:35:32.371Z] Found 0 unique emails in existing Moonlanding users
[2026-02-05T09:35:32.371Z] MWR users processed: 0 new, 1 deduplicated with Friday, 0 deduplicated with existing, 0 errors
[2026-02-05T09:35:32.371Z] Saving 1 user ID mappings
[2026-02-05T09:35:32.371Z] Saved 1/1 mappings
[2026-02-05T09:35:32.371Z] Inserting 1 new users...
[2026-02-05T09:35:32.372Z] Verifying user deduplication
[2026-02-05T09:35:32.372Z] Deduplication verification: 1/1 unique emails
[2026-02-05T09:35:32.372Z] ✓ Users migrated: 1 new, 1 deduplicated
[2026-02-05T09:35:32.372Z] 
--- MIGRATING CLIENTS ---
[2026-02-05T09:35:32.372Z] ERROR: Client migration failed - table clients has no column named industry
[2026-02-05T09:35:32.372Z] ERROR: Migration failed - rolling back - table clients has no column named industry
[2026-02-05T09:35:32.372Z] ✓ Rollback completed
