[2026-02-05T09:32:33.602Z] ========== PHASE 3.5: PILOT MIGRATION (10% DATA) ==========
[2026-02-05T09:32:33.602Z] Loading Friday data (10% sample)...
[2026-02-05T09:32:33.602Z]   ✓ Loaded users: 5 records
[2026-02-05T09:32:33.603Z]   ✓ Loaded clients: 2 records
[2026-02-05T09:32:33.603Z]   ✓ Loaded engagements: 2 records
[2026-02-05T09:32:33.603Z]   ✓ Loaded rfis: 1 records
[2026-02-05T09:32:33.603Z]   ✓ Loaded reviews: 1 records
[2026-02-05T09:32:33.603Z]   ✓ Loaded messages: 1 records
[2026-02-05T09:32:33.603Z]   ✓ Loaded collaborators: 1 records
[2026-02-05T09:32:33.604Z]   ✓ Loaded checklists: 1 records
[2026-02-05T09:32:33.604Z]   ✓ Loaded files: 1 records
[2026-02-05T09:32:33.604Z] Loading MyWorkReview data (10% sample)...
[2026-02-05T09:32:33.604Z]   ✓ Loaded users: 3 records
[2026-02-05T09:32:33.604Z]   ✓ Loaded collaborators: 1 records
[2026-02-05T09:32:33.604Z]   ✓ Loaded workitems: 1 records
[2026-02-05T09:32:33.604Z]   ✓ Loaded templates: 0 records
[2026-02-05T09:32:33.605Z]   ✓ Loaded activityLogs: 1 records
[2026-02-05T09:32:33.606Z] Total records in 10% sample: 13
[2026-02-05T09:32:33.606Z] Executing pilot migration...
[2026-02-05T09:32:33.611Z] ERROR: Phase 3.5 failed - no such table: users
