[2026-02-05T10:26:48.547Z] ========== STARTING MIGRATION ORCHESTRATOR ==========
[2026-02-05T10:26:48.548Z] Initializing database connections...
[2026-02-05T10:26:48.548Z] ✓ Target database connected
[2026-02-05T10:26:48.549Z] Creating backup: pre-migration
[2026-02-05T10:26:48.550Z] ✓ Backup created: /home/user/lexco/moonlanding/data/backups/app-pre-migration-1770287208549.db
[2026-02-05T10:26:48.550Z] Beginning transaction...
[2026-02-05T10:26:48.550Z] 
--- MIGRATING USERS ---
[2026-02-05T10:26:48.551Z] Creating user_id_mapping table
[2026-02-05T10:26:48.551Z] user_id_mapping table created
[2026-02-05T10:26:48.551Z] Processing 1 Friday users
[2026-02-05T10:26:48.551Z] Analyzing existing Moonlanding users
[2026-02-05T10:26:48.551Z] Found 0 unique emails in existing Moonlanding users
[2026-02-05T10:26:48.552Z] Friday users processed: 1 new, 0 deduplicated, 0 errors
[2026-02-05T10:26:48.552Z] Saving 1 user ID mappings
[2026-02-05T10:26:48.552Z] Saved 1/1 mappings
[2026-02-05T10:26:48.552Z] Processing 1 MyWorkReview users
[2026-02-05T10:26:48.552Z] Analyzing existing Moonlanding users
[2026-02-05T10:26:48.552Z] Found 0 unique emails in existing Moonlanding users
[2026-02-05T10:26:48.553Z] MWR users processed: 0 new, 1 deduplicated with Friday, 0 deduplicated with existing, 0 errors
[2026-02-05T10:26:48.553Z] Saving 1 user ID mappings
[2026-02-05T10:26:48.553Z] Saved 1/1 mappings
[2026-02-05T10:26:48.553Z] Inserting 1 new users...
[2026-02-05T10:26:48.553Z] Verifying user deduplication
[2026-02-05T10:26:48.553Z] Deduplication verification: 1/1 unique emails
[2026-02-05T10:26:48.554Z] ✓ Users migrated: 1 new, 1 deduplicated
[2026-02-05T10:26:48.554Z] 
--- MIGRATING CLIENTS ---
[2026-02-05T10:26:48.554Z] ✓ Migrated 1 clients
[2026-02-05T10:26:48.554Z] 
--- MIGRATING ENGAGEMENTS ---
[2026-02-05T10:26:48.554Z]   [EngagementMigrator] Starting migration of 1 engagements
[2026-02-05T10:26:48.555Z]   [EngagementMigrator] Migrated 1/1 engagements
[2026-02-05T10:26:48.555Z] ✓ 1 engagements migrated
[2026-02-05T10:26:48.555Z] 
--- MIGRATING RFIs (with questions/responses) ---
[2026-02-05T10:26:48.555Z]   [RFIMigrator] Starting migration of 1 RFIs (with questions/responses)
[2026-02-05T10:26:48.555Z] ERROR: Migration failed - rolling back - no such table: rfis_question
[2026-02-05T10:26:48.556Z] ✓ Rollback completed
