[2026-02-05T10:34:48.694Z] ========== PHASE 3.7: DATA INTEGRITY VERIFICATION (12 CHECKS) ==========
[2026-02-05T10:34:48.700Z] Check 1/12: Row counts - all entities present - ✓ PASS
[2026-02-05T10:34:48.700Z]   Details: Total records: 28, Tables: 13
[2026-02-05T10:34:48.701Z] Check 2/12: Referential integrity - no orphaned records - ✓ PASS
[2026-02-05T10:34:48.701Z]   Details: FK relationships checked: 7, Orphaned: 0
[2026-02-05T10:34:48.702Z] Check 3/12: Duplicate detection - no accidental duplicates - ✓ PASS
[2026-02-05T10:34:48.702Z]   Details: Users unique: true, Engagements unique: true
[2026-02-05T10:34:48.702Z] Check 4/12: User mappings - deduplication tracked - ✓ PASS
[2026-02-05T10:34:48.702Z]   Details: Mappings count: 8, All resolved: true
[2026-02-05T10:34:48.703Z] Check 5/12: Engagement relationships - all linked to valid clients - ✓ PASS
[2026-02-05T10:34:48.703Z]   Details: Engagements: 2, Valid client refs: 2
[2026-02-05T10:34:48.703Z] Check 6/12: RFI completeness - all have engagement refs - ✓ PASS
[2026-02-05T10:34:48.703Z]   Details: RFIs: 1, Valid engagement refs: 1
[2026-02-05T10:34:48.703Z] Check 7/12: Review data - all have engagement and reviewer - ✓ PASS
[2026-02-05T10:34:48.703Z]   Details: Reviews: 1, Valid refs: 1
[2026-02-05T10:34:48.704Z] Check 8/12: Checklist items - all have checklist refs - ✓ PASS
[2026-02-05T10:34:48.704Z]   Details: Checklists: 2, Items: 0
[2026-02-05T10:34:48.704Z] Check 9/12: Collaborator roles - all have engagement refs - ✗ FAIL
[2026-02-05T10:34:48.704Z]   Details: Collaborators: 2, Valid engagement refs: 1
[2026-02-05T10:34:48.704Z] Check 10/12: File metadata - all files have required fields - ✗ FAIL
[2026-02-05T10:34:48.704Z]   Details: Files: 1, Complete metadata: 0
[2026-02-05T10:34:48.705Z] Check 11/12: Activity logs - all have correct timestamps - ✗ FAIL
[2026-02-05T10:34:48.705Z]   Details: Logs: 1, Valid timestamps: 0
[2026-02-05T10:34:48.705Z] Check 12/12: Permission structure - no orphaned references - ✓ PASS
[2026-02-05T10:34:48.705Z]   Details: Note: Permissions table not in schema (expected)
[2026-02-05T10:34:48.705Z] 
========== VERIFICATION COMPLETE ==========
[2026-02-05T10:34:48.705Z] Result: 9/12 checks passed (75.0%)
[2026-02-05T10:34:48.705Z] 
========== VERIFICATION RESULTS ==========
[2026-02-05T10:34:48.705Z] Checks passed: 9/12
[2026-02-05T10:34:48.705Z] Success rate: 75.0%
[2026-02-05T10:34:48.705Z] Total runtime: 0.01s
