[2026-02-05T09:32:31.544Z] ========== PHASE 3.5: PILOT MIGRATION (10% DATA) ==========
[2026-02-05T09:32:31.544Z] Loading Friday data (10% sample)...
[2026-02-05T09:32:31.544Z]   ✓ Loaded users: 5 records
[2026-02-05T09:32:31.545Z]   ✓ Loaded clients: 2 records
[2026-02-05T09:32:31.545Z]   ✓ Loaded engagements: 2 records
[2026-02-05T09:32:31.545Z]   ✓ Loaded rfis: 1 records
[2026-02-05T09:32:31.545Z]   ✓ Loaded reviews: 1 records
[2026-02-05T09:32:31.545Z]   ✓ Loaded messages: 1 records
[2026-02-05T09:32:31.546Z]   ✓ Loaded collaborators: 1 records
[2026-02-05T09:32:31.546Z]   ✓ Loaded checklists: 1 records
[2026-02-05T09:32:31.546Z]   ✓ Loaded files: 1 records
[2026-02-05T09:32:31.547Z] Loading MyWorkReview data (10% sample)...
[2026-02-05T09:32:31.547Z]   ✓ Loaded users: 3 records
[2026-02-05T09:32:31.547Z]   ✓ Loaded collaborators: 1 records
[2026-02-05T09:32:31.547Z]   ✓ Loaded workitems: 1 records
[2026-02-05T09:32:31.547Z]   ✓ Loaded templates: 0 records
[2026-02-05T09:32:31.547Z]   ✓ Loaded activityLogs: 1 records
[2026-02-05T09:32:31.548Z] Total records in 10% sample: 13
[2026-02-05T09:32:31.548Z] Executing pilot migration...
[2026-02-05T09:32:31.553Z] ERROR: Phase 3.5 failed - no such table: users
