[2026-02-05T10:31:31.019Z] ========== STARTING MIGRATION ORCHESTRATOR ==========
[2026-02-05T10:31:31.019Z] Initializing database connections...
[2026-02-05T10:31:31.020Z] ✓ Target database connected
[2026-02-05T10:31:31.020Z] Creating backup: pre-migration
[2026-02-05T10:31:31.021Z] ✓ Backup created: /home/user/lexco/moonlanding/data/backups/app-pre-migration-1770287491020.db
[2026-02-05T10:31:31.021Z] Beginning transaction...
[2026-02-05T10:31:31.021Z] 
--- MIGRATING USERS ---
[2026-02-05T10:31:31.021Z] Creating user_id_mapping table
[2026-02-05T10:31:31.022Z] user_id_mapping table created
[2026-02-05T10:31:31.022Z] Processing 1 Friday users
[2026-02-05T10:31:31.022Z] Analyzing existing Moonlanding users
[2026-02-05T10:31:31.022Z] Found 0 unique emails in existing Moonlanding users
[2026-02-05T10:31:31.022Z] Friday users processed: 1 new, 0 deduplicated, 0 errors
[2026-02-05T10:31:31.023Z] Saving 1 user ID mappings
[2026-02-05T10:31:31.023Z] Saved 1/1 mappings
[2026-02-05T10:31:31.023Z] Processing 1 MyWorkReview users
[2026-02-05T10:31:31.023Z] Analyzing existing Moonlanding users
[2026-02-05T10:31:31.023Z] Found 0 unique emails in existing Moonlanding users
[2026-02-05T10:31:31.023Z] MWR users processed: 0 new, 1 deduplicated with Friday, 0 deduplicated with existing, 0 errors
[2026-02-05T10:31:31.023Z] Saving 1 user ID mappings
[2026-02-05T10:31:31.024Z] Saved 1/1 mappings
[2026-02-05T10:31:31.024Z] Inserting 1 new users...
[2026-02-05T10:31:31.024Z] Verifying user deduplication
[2026-02-05T10:31:31.024Z] Deduplication verification: 1/1 unique emails
[2026-02-05T10:31:31.024Z] ✓ Users migrated: 1 new, 1 deduplicated
[2026-02-05T10:31:31.024Z] 
--- MIGRATING CLIENTS ---
[2026-02-05T10:31:31.024Z] ✓ Migrated 1 clients
[2026-02-05T10:31:31.025Z] 
--- MIGRATING ENGAGEMENTS ---
[2026-02-05T10:31:31.025Z]   [EngagementMigrator] Starting migration of 1 engagements
[2026-02-05T10:31:31.025Z]   [EngagementMigrator] Migrated 1/1 engagements
[2026-02-05T10:31:31.025Z] ✓ 1 engagements migrated
[2026-02-05T10:31:31.026Z] 
--- MIGRATING RFIs (with questions/responses) ---
[2026-02-05T10:31:31.026Z]   [RFIMigrator] Starting migration of 1 RFIs
[2026-02-05T10:31:31.026Z]   [RFIMigrator] Migrated 1/1 RFIs
[2026-02-05T10:31:31.026Z] ✓ 1 RFIs with questions/responses migrated
[2026-02-05T10:31:31.026Z] 
--- MIGRATING REVIEWS (with highlights) ---
[2026-02-05T10:31:31.026Z]   [ReviewMigrator] Starting migration of 1 reviews
[2026-02-05T10:31:31.027Z]   [ReviewMigrator] Migrated 1/1 reviews
[2026-02-05T10:31:31.027Z] ✓ 1 reviews with highlights migrated
[2026-02-05T10:31:31.027Z] 
--- MIGRATING MESSAGES ---
[2026-02-05T10:31:31.027Z]   [MessageMigrator] Starting migration of 1 messages
[2026-02-05T10:31:31.027Z]   [MessageMigrator] Migrated 1/1 messages
[2026-02-05T10:31:31.027Z] ✓ 1 messages migrated
[2026-02-05T10:31:31.027Z] 
--- MIGRATING COLLABORATORS ---
[2026-02-05T10:31:31.028Z]   [CollaboratorMigrator] Starting migration of 2 collaborators
[2026-02-05T10:31:31.028Z]   [CollaboratorMigrator] Migrated 2/2 collaborators
[2026-02-05T10:31:31.028Z] ✓ 2 collaborators migrated
[2026-02-05T10:31:31.028Z] 
--- MIGRATING CHECKLISTS (with items) ---
[2026-02-05T10:31:31.028Z]   [ChecklistMigrator] Starting migration of 2 checklists (with items)
[2026-02-05T10:31:31.029Z]   [ChecklistMigrator] Migrated 2/2 checklists with items
[2026-02-05T10:31:31.029Z] ✓ 2 checklists with items migrated
[2026-02-05T10:31:31.029Z] 
--- MIGRATING FILES ---
[2026-02-05T10:31:31.029Z]   [FileMigrator] Starting migration of 1 files
[2026-02-05T10:31:31.029Z]   [FileMigrator] Migrated 1/1 files
[2026-02-05T10:31:31.029Z] ✓ 1 files migrated
[2026-02-05T10:31:31.030Z] 
--- MIGRATING ACTIVITY LOGS ---
[2026-02-05T10:31:31.030Z]   [ActivityLogMigrator] Starting migration of 1 activity logs
[2026-02-05T10:31:31.030Z]   [ActivityLogMigrator] Migrated 1/1 activity logs
[2026-02-05T10:31:31.030Z] ✓ 1 activity logs migrated
[2026-02-05T10:31:31.030Z] 
--- MIGRATING PERMISSIONS ---
[2026-02-05T10:31:31.030Z]   [PermissionMigrator] Skipping permissions migration (no permissions table in schema)
[2026-02-05T10:31:31.030Z]   [PermissionMigrator] Migrated 0/0 permissions
[2026-02-05T10:31:31.030Z] ✓ 0 permissions migrated
[2026-02-05T10:31:31.031Z] Committing transaction...
[2026-02-05T10:31:31.036Z] ✓ Transaction committed
[2026-02-05T10:31:31.036Z] Enabling foreign key constraints...
[2026-02-05T10:31:31.036Z] ✓ Foreign keys enabled
[2026-02-05T10:31:31.036Z] 
========== RUNNING VALIDATORS ==========
[2026-02-05T10:31:31.039Z] ========== MIGRATION ORCHESTRATOR COMPLETE ==========
